>> kfold(10, data, "rand")
User 1:
Elapsed time is 131.093597 seconds.
Average accuracy for User 1: 0.8722
User 2:
Elapsed time is 124.767019 seconds.
Average accuracy for User 2: 0.7466
User 3:
Elapsed time is 122.311664 seconds.
Average accuracy for User 3: 0.8689
User 4:
Elapsed time is 125.672439 seconds.
Average accuracy for User 4: 0.7765
User 5:
Elapsed time is 116.820761 seconds.
Average accuracy for User 5: 0.7913
Final accuracy across users: 0.8111
>> kfold(10, data, "match")
User 1:
Elapsed time is 123.195404 seconds.
Average accuracy for User 1: 0.8736
User 2:
Elapsed time is 119.505652 seconds.
Average accuracy for User 2: 0.7715
User 3:
Elapsed time is 126.143255 seconds.
Average accuracy for User 3: 0.8733
User 4:
Elapsed time is 126.736262 seconds.
Average accuracy for User 4: 0.7739
User 5:
Elapsed time is 117.108680 seconds.
Average accuracy for User 5: 0.7857
Final accuracy across users: 0.8156
>> kfold(10, data, "gaussian")
User 1:
Elapsed time is 69.410383 seconds.
Average accuracy for User 1: 0.8366
User 2:
Elapsed time is 63.299808 seconds.
Average accuracy for User 2: 0.7306
User 3:
Elapsed time is 59.133479 seconds.
Average accuracy for User 3: 0.8464
User 4:
Elapsed time is 61.739824 seconds.
Average accuracy for User 4: 0.6780
User 5:
Elapsed time is 60.022298 seconds.
Average accuracy for User 5: 0.7546
Final accuracy across users: 0.7693
>> kfold(10, data, "gaussian12")
User 1:
Elapsed time is 67.925481 seconds.
Average accuracy for User 1: 0.8539
User 2:
Elapsed time is 63.331369 seconds.
Average accuracy for User 2: 0.7380
User 3:
Elapsed time is 61.683973 seconds.
Average accuracy for User 3: 0.8689
User 4:
Elapsed time is 63.245343 seconds.
Average accuracy for User 4: 0.7645
User 5:
Elapsed time is 68.469692 seconds.
Average accuracy for User 5: 0.7756
Final accuracy across users: 0.8002
>> kfold(10, data, "gaussian24")
User 1:
Elapsed time is 74.145854 seconds.
Average accuracy for User 1: 0.8577
User 2:
Elapsed time is 59.917152 seconds.
Average accuracy for User 2: 0.7627
User 3:
Elapsed time is 57.048274 seconds.
Average accuracy for User 3: 0.8555
User 4:
Elapsed time is 66.837699 seconds.
Average accuracy for User 4: 0.7833
User 5:
Elapsed time is 59.524437 seconds.
Average accuracy for User 5: 0.7885
Final accuracy across users: 0.8095
