
                            < M A T L A B (R) >
                  Copyright 1984-2023 The MathWorks, Inc.
             R2023b Update 4 (23.2.0.2428915) 64-bit (glnxa64)
                              October 23, 2023

 
To get started, type doc.
For product information, visit www.mathworks.com.
 
User 1:
Data preparation complete
Elapsed time is 0.379377 seconds.
Elapsed time is 4328.724367 seconds.
Average accuracy for User 1: 0.9395
User 2:
Data preparation complete
Elapsed time is 0.167724 seconds.
Elapsed time is 3830.662210 seconds.
Average accuracy for User 2: 0.8994
User 3:
Data preparation complete
Elapsed time is 0.107199 seconds.
Elapsed time is 3835.459317 seconds.
Average accuracy for User 3: 0.9568
User 4:
Data preparation complete
Elapsed time is 0.035619 seconds.
Elapsed time is 4125.098750 seconds.
Average accuracy for User 4: 0.9071
User 5:
Data preparation complete
Elapsed time is 0.057086 seconds.
Elapsed time is 3967.353417 seconds.
Average accuracy for User 5: 0.9238
Final accuracy across users: 0.9253
