
                            < M A T L A B (R) >
                  Copyright 1984-2023 The MathWorks, Inc.
             R2023b Update 4 (23.2.0.2428915) 64-bit (glnxa64)
                              October 23, 2023

 
To get started, type doc.
For product information, visit www.mathworks.com.
 
Fontconfig warning: "/usr/share/fontconfig/conf.avail/05-reset-dirs-sample.conf", line 6: unknown element "reset-dirs"
Fontconfig warning: "/usr/share/fontconfig/conf.avail/05-reset-dirs-sample.conf", line 6: unknown element "reset-dirs"
Job 4:
--- Start Diary ---
User 1:
Elapsed time is 605.416541 seconds.
Average accuracy for User 1: 0.8814
User 2:
Elapsed time is 522.061774 seconds.
Average accuracy for User 2: 0.7570
User 3:
Elapsed time is 493.166310 seconds.
Average accuracy for User 3: 0.8794
User 4:
Elapsed time is 545.273801 seconds.
Average accuracy for User 4: 0.7926
User 5:
Elapsed time is 520.633793 seconds.
Average accuracy for User 5: 0.7800
Final accuracy across users: 0.8181

--- End Diary ---
Job 6:
--- Start Diary ---
User 1:
Elapsed time is 770.024333 seconds.
Average accuracy for User 1: 0.8668
User 2:
Elapsed time is 700.960690 seconds.
Average accuracy for User 2: 0.7540
User 3:
Elapsed time is 673.001233 seconds.
Average accuracy for User 3: 0.8703
User 4:
Elapsed time is 751.409557 seconds.
Average accuracy for User 4: 0.7457
User 5:
Elapsed time is 677.929347 seconds.
Average accuracy for User 5: 0.7785
Final accuracy across users: 0.8031

--- End Diary ---
Job 8:
--- Start Diary ---
User 1:
Elapsed time is 1052.405373 seconds.
Average accuracy for User 1: 0.8590
User 2:
Elapsed time is 929.530597 seconds.
Average accuracy for User 2: 0.7670
User 3:
Elapsed time is 901.718028 seconds.
Average accuracy for User 3: 0.8586
User 4:
Elapsed time is 1011.885731 seconds.
Average accuracy for User 4: 0.7552
User 5:
Elapsed time is 902.257485 seconds.
Average accuracy for User 5: 0.7659
Final accuracy across users: 0.8011

--- End Diary ---
Job 10:
--- Start Diary ---
User 1:
Elapsed time is 1168.822050 seconds.
Average accuracy for User 1: 0.8498
User 2:
Elapsed time is 1043.090588 seconds.
Average accuracy for User 2: 0.7525
User 3:
Elapsed time is 988.278515 seconds.
Average accuracy for User 3: 0.8732
User 4:
Elapsed time is 1102.119053 seconds.
Average accuracy for User 4: 0.7217
User 5:
Elapsed time is 1046.072111 seconds.
Average accuracy for User 5: 0.7335
Final accuracy across users: 0.7861

--- End Diary ---
