
                            < M A T L A B (R) >
                  Copyright 1984-2023 The MathWorks, Inc.
             R2023b Update 4 (23.2.0.2428915) 64-bit (glnxa64)
                              October 23, 2023

 
To get started, type doc.
For product information, visit www.mathworks.com.
 
Fontconfig warning: "/usr/share/fontconfig/conf.avail/05-reset-dirs-sample.conf", line 6: unknown element "reset-dirs"
Fontconfig warning: "/usr/share/fontconfig/conf.avail/05-reset-dirs-sample.conf", line 6: unknown element "reset-dirs"
Job 1:
--- Start Diary ---
User 1:
Elapsed time is 117.098906 seconds.
Average accuracy for User 1: 0.8642
User 2:
Elapsed time is 87.726695 seconds.
Average accuracy for User 2: 0.7597
User 3:
Elapsed time is 85.412986 seconds.
Average accuracy for User 3: 0.8808
User 4:
Elapsed time is 88.127934 seconds.
Average accuracy for User 4: 0.7968
User 5:
Elapsed time is 81.289401 seconds.
Average accuracy for User 5: 0.7744
Final accuracy across users: 0.8152

--- End Diary ---
Job 2:
--- Start Diary ---
User 1:
Elapsed time is 119.503374 seconds.
Average accuracy for User 1: 0.8682
User 2:
Elapsed time is 95.381258 seconds.
Average accuracy for User 2: 0.7640
User 3:
Elapsed time is 85.092586 seconds.
Average accuracy for User 3: 0.8629
User 4:
Elapsed time is 89.656335 seconds.
Average accuracy for User 4: 0.7900
User 5:
Elapsed time is 80.916949 seconds.
Average accuracy for User 5: 0.7814
Final accuracy across users: 0.8133

--- End Diary ---
Job 3:
--- Start Diary ---
--- End Diary ---
Job 4:
--- Start Diary ---
User 1:
Elapsed time is 166.781189 seconds.
Average accuracy for User 1: 0.8748
User 2:
Elapsed time is 138.213417 seconds.
Average accuracy for User 2: 0.7758
User 3:
Elapsed time is 131.108922 seconds.
Average accuracy for User 3: 0.8644
User 4:
Elapsed time is 133.121895 seconds.
Average accuracy for User 4: 0.7929
User 5:
Elapsed time is 125.684843 seconds.
Average accuracy for User 5: 0.7800
Final accuracy across users: 0.8176

--- End Diary ---
Job 5:
--- Start Diary ---
User 1:
Elapsed time is 167.750159 seconds.
Average accuracy for User 1: 0.8827
User 2:
Elapsed time is 139.612797 seconds.
Average accuracy for User 2: 0.7775
User 3:
Elapsed time is 131.892281 seconds.
Average accuracy for User 3: 0.8777
User 4:
Elapsed time is 138.239217 seconds.
Average accuracy for User 4: 0.7994
User 5:
Elapsed time is 127.464126 seconds.
Average accuracy for User 5: 0.7884
Final accuracy across users: 0.8251

--- End Diary ---
Job 6:
--- Start Diary ---
User 1:
Elapsed time is 214.120452 seconds.
Average accuracy for User 1: 0.8774
User 2:
Elapsed time is 173.955620 seconds.
Average accuracy for User 2: 0.7656
User 3:
Elapsed time is 167.460531 seconds.
Average accuracy for User 3: 0.8510
User 4:
Elapsed time is 178.748917 seconds.
Average accuracy for User 4: 0.8036
User 5:
Elapsed time is 159.652943 seconds.
Average accuracy for User 5: 0.7884
Final accuracy across users: 0.8172

--- End Diary ---
