User 1:
Data preparation complete
Elapsed time is 841.413053 seconds.
Elapsed time is 217.219547 seconds.
Average accuracy for User 1: 0.9328
User 2:
Data preparation complete
Elapsed time is 876.507486 seconds.
Elapsed time is 186.875462 seconds.
Average accuracy for User 2: 0.8428
User 3:
Data preparation complete
Elapsed time is 816.629675 seconds.
Elapsed time is 177.587294 seconds.
Average accuracy for User 3: 0.9254
User 4:
Data preparation complete
Elapsed time is 813.026102 seconds.
Elapsed time is 188.520022 seconds.
Average accuracy for User 4: 0.8290
User 5:
Data preparation complete
Elapsed time is 849.223298 seconds.
Elapsed time is 173.386962 seconds.
Average accuracy for User 5: 0.8562
Final accuracy across users: 0.8773
